app/seeds.txt
com.aige.loveproduction.base.AppAdapter
com.aige.loveproduction.mvp.presenter.SpecialShapedPresenter
com.aige.loveproduction.ui.customui.viewgroup.RatioFrameLayout
com.aige.loveproduction.bean.ToFillInBean
com.aige.loveproduction.ui.activity.ReportChannelOneActivity
com.aige.loveproduction.ui.activity.ImagePreviewActivity
com.aige.loveproduction.bean.StorageBean
com.aige.loveproduction.mvp.presenter.TransfersPresenter
com.aige.loveproduction.base.BaseAdapter$OnChildClickListener
com.aige.loveproduction.mvp.presenter.PlanNoScanPresenter$2
com.aige.loveproduction.bean.UserBean
com.aige.loveproduction.mvp.presenter.MoveStoragePresenter
com.aige.loveproduction.base.AppActivity
com.aige.loveproduction.mvp.presenter.CreateTaskPresenter$1
com.aige.loveproduction.mvp.presenter.TransfersPresenter$1
com.aige.loveproduction.bean.MachineBean
com.aige.loveproduction.mvp.presenter.TransferPresenter$2
com.aige.loveproduction.base.BaseDialog$ShowPostWrapper
com.aige.loveproduction.ui.activity.ReportRefundMonthActivity
com.aige.loveproduction.base.BaseDialog$ShowPostAtTimeWrapper
com.aige.loveproduction.mvp.presenter.TransferPresenter$1
com.aige.loveproduction.mvp.presenter.TransferVerifyPresenter
com.aige.loveproduction.bean.BinFindBean
com.aige.loveproduction.base.BaseDialog$OnCreateListener
com.aige.loveproduction.bean.PlanNoScanBean
com.aige.loveproduction.mvp.presenter.StorageFindPresenter$1
com.aige.loveproduction.base.BaseDialog$CancelListenerWrapper
com.aige.loveproduction.base.BaseDialog$ViewClickWrapper
com.aige.loveproduction.mvp.presenter.SpecialShapedPresenter$1
com.aige.loveproduction.base.BaseDialog$DialogLifecycle
com.aige.loveproduction.ui.activity.SendOutVerifyActivity
com.aige.loveproduction.mvp.presenter.ReportPresenter$2
com.aige.loveproduction.ui.activity.ReportChannelTwoActivity
com.aige.loveproduction.mvp.presenter.InStoragePresenter$2
com.aige.loveproduction.ui.activity.ImageSelectActivity
com.aige.loveproduction.mvp.presenter.TransfersPresenter$3
com.aige.loveproduction.mvp.presenter.FactorySettingPresenter$2
com.aige.loveproduction.ui.activity.PreviewActivity
com.aige.loveproduction.ui.activity.ReportOrderDayActivity
com.aige.loveproduction.bean.HandlerBean
com.aige.loveproduction.ui.activity.ToFillInActivity
com.aige.loveproduction.mvp.presenter.SpecialShapedPresenter$2
com.aige.loveproduction.ui.activity.PlateFindActivity
com.aige.loveproduction.ui.activity.ExamineActivity
com.aige.loveproduction.bean.PlateBean
com.aige.loveproduction.ui.activity.ReportOrderMonthActivity
com.aige.loveproduction.base.BaseDialog$ListenersWrapper
com.aige.loveproduction.mvp.presenter.PlanNoScanPresenter
com.aige.loveproduction.mvp.presenter.MixedLotPresenter$2
com.aige.loveproduction.bean.PrintAsk
com.aige.loveproduction.mpr.MprView
com.aige.loveproduction.base.BottomSheetDialog$MyBottomSheetCallback
com.aige.loveproduction.mvp.presenter.SendOutVerifyPresenter$1
com.aige.loveproduction.ui.customui.viewgroup.WrapRecyclerView
com.aige.loveproduction.bean.HomeBean
com.aige.loveproduction.mvp.presenter.ReportPresenter
com.aige.loveproduction.ui.activity.AboutActivity
com.aige.loveproduction.mvp.presenter.OutStoragePresenter$1
com.aige.loveproduction.ui.activity.PlanNoScanActivity
com.aige.loveproduction.bean.TransportBean
com.aige.loveproduction.mvp.presenter.WorkScanPresenter
com.aige.loveproduction.base.BottomSheetDialog$BehaviorAccessibilityDelegate
com.aige.loveproduction.base.BaseDialog$OnDismissListener
com.aige.loveproduction.mvp.presenter.SendOutPresenter
com.aige.loveproduction.ui.activity.QrCodeActivity
com.aige.loveproduction.base.BaseFragment
com.aige.loveproduction.mvp.presenter.PlateFindPresenter
com.aige.loveproduction.base.BaseDialog$OnShowListener
com.aige.loveproduction.base.BaseDialog$ShowPostDelayedWrapper
com.aige.loveproduction.ui.activity.InStorageActivity
com.aige.loveproduction.base.BaseDialog
com.aige.loveproduction.ui.activity.MixedLotActivity
com.aige.loveproduction.mvp.presenter.WorkScanPresenter$1
...
com.google.android.material.floatingactionbutton.FloatingActionButton$BaseBehavior: boolean AUTO_HIDE_DEFAULT
androidx.coordinatorlayout.widget.CoordinatorLayout: int EVENT_PRE_DRAW
com.google.android.material.bottomnavigation.BottomNavigationItemView: boolean isShifting
com.google.gson.internal.LinkedHashTreeMap$Node: com.google.gson.internal.LinkedHashTreeMap$Node prev
com.google.zxing.pdf417.decoder.BarcodeMetadata: int errorCorrectionLevel
com.google.zxing.common.CharacterSetECI: int[] values
okhttp3.internal.http2.Header: okio.ByteString value
com.google.android.material.behavior.HideBottomViewOnScrollBehavior: int height
com.google.zxing.common.CharacterSetECI: com.google.zxing.common.CharacterSetECI ISO8859_15
com.google.android.material.R$attr: int buttonBarNegativeButtonStyle
okhttp3.internal.connection.ExchangeFinder: okhttp3.internal.connection.RouteSelector routeSelector
kotlin.jvm.internal.CallableReference: java.lang.Object receiver
com.google.android.material.R$drawable: int test_custom_background
com.github.mikephil.charting.data.CombinedData: com.github.mikephil.charting.data.CandleData mCandleData
com.google.gson.JsonParseException: long serialVersionUID
com.google.gson.internal.bind.TypeAdapters$36: int[] $SwitchMap$com$google$gson$stream$JsonToken
okhttp3.internal.ws.RealWebSocket$Message: int formatOpcode
com.google.android.material.R$layout: int abc_popup_menu_item_layout
com.google.android.material.textfield.TextInputLayout: android.widget.LinearLayout startLayout
com.google.zxing.pdf417.detector.Detector: int[] INDEXES_STOP_PATTERN
com.google.android.material.button.MaterialButton: int[] CHECKABLE_STATE_SET
com.google.android.material.shape.MaterialShapeDrawable: android.graphics.Region scratchRegion
com.google.android.material.tabs.TabLayout$SlidingTabIndicator: float selectionOffset
com.google.zxing.client.android.R$style: int zxing_CaptureTheme
com.google.android.material.R$color: int material_on_background_emphasis_high_type
com.github.mikephil.charting.jobs.AnimatedZoomJob: float zoomOriginX
androidx.appcompat.widget.LinearLayoutCompat: int VERTICAL_GRAVITY_COUNT
com.github.mikephil.charting.components.LimitLine$LimitLabelPosition: com.github.mikephil.charting.components.LimitLine$LimitLabelPosition LEFT_TOP
com.github.mikephil.charting.charts.BarLineChartBase: com.github.mikephil.charting.components.YAxis mAxisLeft
com.google.gson.internal.LinkedTreeMap: com.google.gson.internal.LinkedTreeMap$Node header
com.google.android.material.R$dimen: int abc_dialog_fixed_width_major
com.google.android.material.bottomappbar.BottomAppBar: int fabAnimationMode
com.google.android.material.R$attr: int fastScrollVerticalTrackDrawable
com.google.zxing.common.CharacterSetECI: com.google.zxing.common.CharacterSetECI ISO8859_9
com.google.android.material.R$dimen: int mtrl_badge_radius
com.google.android.material.R$attr: int textAppearanceOverline
com.google.android.material.R$styleable: int AppCompatTheme_actionBarSplitStyle
androidx.appcompat.view.menu.MenuBuilder: boolean mStructureChangedWhileDispatchPrevented
com.google.android.material.R$styleable: int SearchView_goIcon
okhttp3.internal.http2.Http2: java.lang.String[] BINARY
com.github.mikephil.charting.data.ChartData: float mXMin
com.google.android.material.R$styleable: int AppCompatTheme_editTextStyle
com.github.mikephil.charting.utils.ViewPortHandler: android.graphics.Matrix mMatrixTouch
com.google.android.material.badge.BadgeDrawable$SavedState: android.os.Parcelable$Creator CREATOR
okhttp3.internal.tls.OkHostnameVerifier: int ALT_DNS_NAME
com.google.android.material.R$styleable: int AnimatedStateListDrawableCompat_android_constantSize
com.google.android.material.R$dimen: int design_bottom_navigation_height
com.google.android.material.R$styleable: int BottomAppBar_fabCradleRoundedCornerRadius
com.google.android.material.R$dimen: int notification_top_pad_large_text
com.google.zxing.datamatrix.encoder.SymbolInfo: int rsBlockError