app/mapping.txt
# compiler: R8
# compiler_version: 2.2.71
# min_api: 24
# pg_map_id: 1b715a1
# common_typos_disable
com.aige.loveproduction.R$styleable -> d.a.a.a:
    int[] RatioFrameLayout -> a
com.aige.loveproduction.action.ActivityAction -> d.a.a.b.a:
com.aige.loveproduction.action.BundleAction -> d.a.a.b.b:
com.aige.loveproduction.action.ClickAction -> d.a.a.b.c:
com.aige.loveproduction.action.HandlerAction -> d.a.a.b.d:
    android.os.Handler HANDLER -> b
com.aige.loveproduction.action.KeyboardAction -> d.a.a.b.e:
com.aige.loveproduction.action.ResourcesAction -> d.a.a.b.f:
    1:1:int androidx.core.content.ContextCompat.getColor(android.content.Context,int):0:0 -> getColor
    1:1:int getColor(int):0 -> getColor
com.aige.loveproduction.action.StatusAction -> d.a.a.b.g:
    1:1:void showLayout(int,int,android.view.View$OnClickListener):0:0 -> H
    1:1:void showEmpty():0 -> H
    2:2:android.graphics.drawable.Drawable androidx.core.content.ContextCompat.getDrawable(android.content.Context,int):0:0 -> H
    2:2:void showLayout(int,int,android.view.View$OnClickListener):0 -> H
    2:2:void showEmpty():0 -> H
    3:3:void showLayout(int,int,android.view.View$OnClickListener):0:0 -> H
    3:3:void showEmpty():0 -> H
    4:4:void showLayout(android.graphics.drawable.Drawable,java.lang.CharSequence,android.view.View$OnClickListener):0:0 -> H
    4:4:void showLayout(int,int,android.view.View$OnClickListener):0 -> H
    4:4:void showEmpty():0 -> H
    com.aige.loveproduction.ui.customui.StatusLayout getStatusLayout() -> h
    1:1:void showLoadings(int):0:0 -> l
    1:1:void showLoadings():0 -> l
    void showComplete() -> v
com.aige.loveproduction.action.TitleBarAction -> d.a.a.b.h:
com.aige.loveproduction.animation.AnimationInterpolator$JellyInterpolator -> d.a.a.c.a:
com.aige.loveproduction.animation.BaseAnimation -> d.a.a.c.b:
    android.animation.ObjectAnimator animator -> c
    com.aige.loveproduction.animation.BaseAnimation$AnimatorListener animatorListener -> d
    void alphaTran(android.view.View,long) -> a
    void removeAnimatorListener() -> b
    void scaleXAnimation(android.view.View,float,float,long) -> c
    void scaleXYAnimation(android.view.View,float,float,long) -> d
    void setAnimatorListener(com.aige.loveproduction.animation.BaseAnimation$AnimatorListener) -> e
com.aige.loveproduction.animation.BaseAnimation$AnimatorListener -> d.a.a.c.b$a:
    void AnimationStart(android.animation.Animator) -> a
com.aige.loveproduction.base.-$$Lambda$BaseDialog$DialogLifecycle$ruwasiyfpXP5HTbreCe1v6GvLDw -> com.aige.loveproduction.base.a:
# {"id":"sourceFile","fileName":"lambda"}
    com.aige.loveproduction.base.BaseDialog$DialogLifecycle f$0 -> c
...
androidx.fragment.app.FragmentManagerImpl$StartEnterTransitionListener -> androidx.fragment.app.j$j:
    boolean mIsBack -> a
    int mNumPostponed -> c
    androidx.fragment.app.BackStackRecord mRecord -> b
    void completeTransaction() -> a
    boolean isReady() -> b
    void onStartEnterTransition() -> c
    void startListening() -> d
androidx.fragment.app.FragmentManagerState -> androidx.fragment.app.n:
    java.lang.String mPrimaryNavActiveWho -> f
    int mNextFragmentIndex -> g
    androidx.fragment.app.BackStackState[] mBackStack -> e
    java.util.ArrayList mAdded -> d
    java.util.ArrayList mActive -> c
androidx.fragment.app.FragmentManagerViewModel -> androidx.fragment.app.o:
    java.util.HashSet mRetainedFragments -> c
    boolean mStateAutomaticallySaved -> f
    boolean mHasBeenCleared -> g
    androidx.lifecycle.ViewModelProvider$Factory FACTORY -> b
    java.util.HashMap mViewModelStores -> e
    java.util.HashMap mChildNonConfigs -> d
    void onCleared() -> b
    boolean addRetainedFragment(androidx.fragment.app.Fragment) -> c
    void clearNonConfigState(androidx.fragment.app.Fragment) -> d
    androidx.fragment.app.FragmentManagerViewModel getChildNonConfig(androidx.fragment.app.Fragment) -> e
    androidx.fragment.app.FragmentManagerViewModel getInstance(androidx.lifecycle.ViewModelStore) -> f
    java.util.Collection getRetainedFragments() -> g
    androidx.lifecycle.ViewModelStore getViewModelStore(androidx.fragment.app.Fragment) -> h
    boolean isCleared() -> i
    boolean removeRetainedFragment(androidx.fragment.app.Fragment) -> j
    boolean shouldDestroy(androidx.fragment.app.Fragment) -> k
androidx.fragment.app.FragmentManagerViewModel$1 -> androidx.fragment.app.o$a:
    androidx.lifecycle.ViewModel create(java.lang.Class) -> a
androidx.fragment.app.FragmentPagerAdapter -> androidx.fragment.app.p:
    androidx.fragment.app.FragmentManager mFragmentManager -> c
    androidx.fragment.app.FragmentTransaction mCurTransaction -> e
    int mBehavior -> d
    androidx.fragment.app.Fragment mCurrentPrimaryItem -> f
    1:1:androidx.fragment.app.FragmentTransaction androidx.fragment.app.BackStackRecord.detach(androidx.fragment.app.Fragment):0:0 -> a
    1:1:void destroyItem(android.view.ViewGroup,int,java.lang.Object):0 -> a
    2:2:androidx.fragment.app.FragmentTransaction androidx.fragment.app.FragmentTransaction.detach(androidx.fragment.app.Fragment):0:0 -> a
    2:2:androidx.fragment.app.FragmentTransaction androidx.fragment.app.BackStackRecord.detach(androidx.fragment.app.Fragment):0 -> a
    2:2:void destroyItem(android.view.ViewGroup,int,java.lang.Object):0 -> a
    3:3:void destroyItem(android.view.ViewGroup,int,java.lang.Object):0:0 -> a
    1:1:androidx.fragment.app.FragmentTransaction androidx.fragment.app.FragmentTransaction.disallowAddToBackStack():0:0 -> b
    1:1:void androidx.fragment.app.BackStackRecord.commitNowAllowingStateLoss():0 -> b
    1:1:void finishUpdate(android.view.ViewGroup):0 -> b
    2:2:void androidx.fragment.app.BackStackRecord.commitNowAllowingStateLoss():0:0 -> b
    2:2:void finishUpdate(android.view.ViewGroup):0 -> b
    3:3:void finishUpdate(android.view.ViewGroup):0:0 -> b
androidx.fragment.app.FragmentState -> androidx.fragment.app.q:
    boolean mHidden -> n
    int mMaxLifecycleState -> o
    java.lang.String mTag -> i
    boolean mRetainInstance -> j
    int mContainerId -> h
    boolean mRemoving -> k
    boolean mDetached -> l
    android.os.Parcelable$Creator CREATOR -> c
    int mFragmentId -> g
    androidx.fragment.app.Fragment mInstance -> q
    android.os.Bundle mArguments -> m
    android.os.Bundle mSavedFragmentState -> p
    boolean mFromLayout -> f
    java.lang.String mWho -> e
    java.lang.String mClassName -> d