app/unused.txt
com.aige.loveproduction.BuildConfig
com.aige.loveproduction.R$anim
com.aige.loveproduction.R$animator
com.aige.loveproduction.R$array
com.aige.loveproduction.R$attr
com.aige.loveproduction.R$bool
com.aige.loveproduction.R$color
com.aige.loveproduction.R$dimen
com.aige.loveproduction.R$drawable
com.aige.loveproduction.R$id
com.aige.loveproduction.R$integer
com.aige.loveproduction.R$interpolator
com.aige.loveproduction.R$layout
com.aige.loveproduction.R$menu
com.aige.loveproduction.R$mipmap
com.aige.loveproduction.R$plurals
com.aige.loveproduction.R$raw
com.aige.loveproduction.R$string
com.aige.loveproduction.R$style
com.aige.loveproduction.R$styleable:
    public static final int ActionBarLayout_android_layout_gravity
    public static final int ActionBar_background
    public static final int ActionBar_backgroundSplit
    public static final int ActionBar_backgroundStacked
    public static final int ActionBar_contentInsetEnd
    public static final int ActionBar_contentInsetEndWithActions
    public static final int ActionBar_contentInsetLeft
    public static final int ActionBar_contentInsetRight
    public static final int ActionBar_contentInsetStart
    public static final int ActionBar_contentInsetStartWithNavigation
    public static final int ActionBar_customNavigationLayout
    public static final int ActionBar_displayOptions
    public static final int ActionBar_divider
    public static final int ActionBar_elevation
    public static final int ActionBar_height
    public static final int ActionBar_hideOnContentScroll
    public static final int ActionBar_homeAsUpIndicator
    public static final int ActionBar_homeLayout
    public static final int ActionBar_icon
    public static final int ActionBar_indeterminateProgressStyle
    public static final int ActionBar_itemPadding
    public static final int ActionBar_logo
    public static final int ActionBar_navigationMode
    public static final int ActionBar_popupTheme
    public static final int ActionBar_progressBarPadding
    public static final int ActionBar_progressBarStyle
    public static final int ActionBar_subtitle
com.aige.loveproduction.R$xml
com.aige.loveproduction.R
com.aige.loveproduction.action.AnimAction
com.aige.loveproduction.action.RequestParmaActivity
com.aige.loveproduction.action.SharePreferencesAction
com.aige.loveproduction.action.StatusAction:
    public void showError(android.view.View$OnClickListener)
com.aige.loveproduction.action.TitleBarAction:
    public void setTitle(int)
    public void setTitle(java.lang.CharSequence)
com.aige.loveproduction.animation.AnimationInterpolator$DampInterpolator
com.aige.loveproduction.animation.AnimationInterpolator
com.aige.loveproduction.animation.BaseAnimation:
    public void scaleAnimation(android.view.View,float,float,long)
    public void tran(android.view.View)
com.aige.loveproduction.animation.PointSinEvaluator
com.aige.loveproduction.listener.OnTitleBarListener
com.aige.loveproduction.listener.OnWriteFileListener
com.aige.loveproduction.manager.ActivityManager:
    public android.app.Application getApplication()
    public android.app.Activity getTopActivity()
    public boolean isForeground()
com.aige.loveproduction.manager.AppManager
com.aige.loveproduction.manager.MPAndroidChartManager:
    public void setLineData(java.util.List,java.util.List,java.lang.String,int,com.github.mikephil.charting.components.YAxis$AxisDependency)
com.aige.loveproduction.mpr.MprBohrData:
    public com.aige.loveproduction.mpr.MprBohrData cloneData(com.aige.loveproduction.mpr.MprMaster)
    public synthetic bridge com.aige.loveproduction.mpr.MprData cloneData(com.aige.loveproduction.mpr.MprMaster)
    public com.aige.loveproduction.enums.MprPosition getPosition()
    public void setPosition2(com.aige.loveproduction.enums.MprPosition)
...
com.bumptech.glide.load.engine.cache.InternalCacheDiskCacheFactory$1:
    public java.io.File getCacheDirectory()
com.bumptech.glide.load.engine.cache.InternalCacheDiskCacheFactory:
    public void <init>(android.content.Context,java.lang.String,long)
com.bumptech.glide.load.engine.cache.LruResourceCache:
    protected int getSize(com.bumptech.glide.load.engine.Resource)
    protected void onItemEvicted(com.bumptech.glide.load.engine.Resource)
    public synthetic bridge com.bumptech.glide.load.engine.Resource put(com.bumptech.glide.load.Key,com.bumptech.glide.load.engine.Resource)
    public synthetic bridge com.bumptech.glide.load.engine.Resource remove(com.bumptech.glide.load.Key)
com.bumptech.glide.load.engine.cache.MemoryCache$ResourceRemovedListener:
    public abstract void onResourceRemoved(com.bumptech.glide.load.engine.Resource)
com.bumptech.glide.load.engine.cache.MemoryCache:
    public abstract void clearMemory()
    public abstract com.bumptech.glide.load.engine.Resource put(com.bumptech.glide.load.Key,com.bumptech.glide.load.engine.Resource)
    public abstract com.bumptech.glide.load.engine.Resource remove(com.bumptech.glide.load.Key)
    public abstract void setResourceRemovedListener(com.bumptech.glide.load.engine.cache.MemoryCache$ResourceRemovedListener)
    public abstract void trimMemory(int)
com.bumptech.glide.load.engine.cache.MemorySizeCalculator$Builder:
    int arrayPoolSizeBytes
    float lowMemoryMaxSizeMultiplier
    float maxSizeMultiplier
    float memoryCacheScreens
com.bumptech.glide.load.engine.cache.MemorySizeCalculator$ScreenDimensions:
    public abstract int getHeightPixels()
    public abstract int getWidthPixels()
com.bumptech.glide.load.engine.cache.MemorySizeCalculator:
    private static int getMaxSize(android.app.ActivityManager,float,float)
    static boolean isLowMemoryDevice(android.app.ActivityManager)
com.bumptech.glide.load.engine.cache.SafeKeyGenerator$1:
    final synthetic com.bumptech.glide.load.engine.cache.SafeKeyGenerator this$0
    public com.bumptech.glide.load.engine.cache.SafeKeyGenerator$PoolableDigestContainer create()
com.bumptech.glide.load.engine.cache.SafeKeyGenerator:
    private java.lang.String calculateHexStringDigest(com.bumptech.glide.load.Key)
com.bumptech.glide.load.engine.executor.GlideExecutor$Builder:
    private long threadTimeoutMillis
    private com.bumptech.glide.load.engine.executor.GlideExecutor$UncaughtThrowableStrategy uncaughtThrowableStrategy
com.bumptech.glide.load.engine.executor.GlideExecutor$DefaultThreadFactory:
    final com.bumptech.glide.load.engine.executor.GlideExecutor$UncaughtThrowableStrategy uncaughtThrowableStrategy
com.bumptech.glide.load.engine.executor.GlideExecutor$UncaughtThrowableStrategy$1
com.bumptech.glide.load.engine.executor.GlideExecutor$UncaughtThrowableStrategy$3
com.bumptech.glide.load.engine.executor.GlideExecutor$UncaughtThrowableStrategy:
    public static final com.bumptech.glide.load.engine.executor.GlideExecutor$UncaughtThrowableStrategy IGNORE
    public static final com.bumptech.glide.load.engine.executor.GlideExecutor$UncaughtThrowableStrategy THROW
    public abstract void handle(java.lang.Throwable)
com.bumptech.glide.load.engine.executor.GlideExecutor:
    public static com.bumptech.glide.load.engine.executor.GlideExecutor$Builder newAnimationBuilder()
    public static com.bumptech.glide.load.engine.executor.GlideExecutor$Builder newDiskCacheBuilder()
    public static com.bumptech.glide.load.engine.executor.GlideExecutor$Builder newSourceBuilder()
com.bumptech.glide.load.engine.executor.RuntimeCompat$1
com.bumptech.glide.load.engine.executor.RuntimeCompat
com.bumptech.glide.load.model.AssetUriLoader:
    private static final int ASSET_PREFIX_LENGTH
    static void <clinit>()
    public com.bumptech.glide.load.model.ModelLoader$LoadData buildLoadData(android.net.Uri)
    public boolean handles(android.net.Uri)